2025-08-12 19:41:08,270 - wsgi - INFO - H743Poten Web Interface created successfully for production
2025-08-12 19:41:08,343 - wsgi - INFO - H743Poten Web Interface created successfully for production
2025-08-12 20:07:46,125 - src.hardware.scpi_handler - ERROR - Failed to connect: [Errno 2] could not open port /dev/ttyACM0: [Errno 2] No such file or directory: '/dev/ttyACM0'
2025-08-12 20:08:02,330 - src.hardware.scpi_handler - ERROR - Failed to connect: [Errno 2] could not open port /dev/ttyACM0: [Errno 2] No such file or directory: '/dev/ttyACM0'
2025-08-14 03:38:44,536 - ai.ml_models.electrochemical_intelligence - WARNING - ML models not available
2025-08-14 03:38:44,550 - ai.ml_models.electrochemical_intelligence - INFO - Electrochemical Intelligence system initialized
2025-08-14 03:38:44,551 - ai.ml_models.peak_classifier - INFO - Neural network peak classifier initialized
2025-08-14 03:38:44,649 - ai.ml_models.concentration_predictor - INFO - Calibration completed: polynomial, R² = 1.000
2025-08-14 03:38:44,649 - ai.ml_models.concentration_predictor - INFO - Concentration predictor initialized
2025-08-14 03:38:44,650 - ai.ml_models.signal_processor - INFO - Signal processor initialized
2025-08-14 03:38:44,668 - wsgi - INFO - H743Poten Web Interface created successfully for production
2025-08-14 03:38:44,710 - werkzeug - INFO - [31m[1mWARNING: This is a development server. Do not use it in a production deployment. Use a production WSGI server instead.[0m
 * Running on http://127.0.0.1:5000
2025-08-14 03:38:44,711 - werkzeug - INFO - [33mPress CTRL+C to quit[0m
2025-08-14 03:38:44,715 - werkzeug - INFO -  * Restarting with stat
2025-08-14 03:38:47,598 - ai.ml_models.electrochemical_intelligence - WARNING - ML models not available
2025-08-14 03:38:47,602 - ai.ml_models.electrochemical_intelligence - INFO - Electrochemical Intelligence system initialized
2025-08-14 03:38:47,603 - ai.ml_models.peak_classifier - INFO - Neural network peak classifier initialized
2025-08-14 03:38:47,711 - ai.ml_models.concentration_predictor - INFO - Calibration completed: polynomial, R² = 1.000
2025-08-14 03:38:47,712 - ai.ml_models.concentration_predictor - INFO - Concentration predictor initialized
2025-08-14 03:38:47,712 - ai.ml_models.signal_processor - INFO - Signal processor initialized
2025-08-14 03:38:47,746 - wsgi - INFO - H743Poten Web Interface created successfully for production
2025-08-14 03:38:47,762 - werkzeug - WARNING -  * Debugger is active!
2025-08-14 03:38:47,784 - werkzeug - INFO -  * Debugger PIN: 361-562-624
2025-08-14 03:39:33,579 - werkzeug - INFO -  * Detected change in 'D:\\GitHubRepos\\__Potentiostat\\poten-2025\\H743Poten\\H743Poten-Web\\src\\routes\\ai_routes.py', reloading
2025-08-14 03:39:33,854 - werkzeug - INFO -  * Restarting with stat
2025-08-14 03:39:36,931 - ai.ml_models.electrochemical_intelligence - WARNING - ML models not available
2025-08-14 03:39:36,935 - ai.ml_models.electrochemical_intelligence - INFO - Electrochemical Intelligence system initialized
2025-08-14 03:39:36,936 - ai.ml_models.peak_classifier - INFO - Neural network peak classifier initialized
2025-08-14 03:39:37,023 - ai.ml_models.concentration_predictor - INFO - Calibration completed: polynomial, R² = 1.000
2025-08-14 03:39:37,024 - ai.ml_models.concentration_predictor - INFO - Concentration predictor initialized
2025-08-14 03:39:37,024 - ai.ml_models.signal_processor - INFO - Signal processor initialized
2025-08-14 03:39:37,041 - wsgi - INFO - H743Poten Web Interface created successfully for production
2025-08-14 03:39:37,056 - werkzeug - WARNING -  * Debugger is active!
2025-08-14 03:39:37,080 - werkzeug - INFO -  * Debugger PIN: 361-562-624
2025-08-14 03:39:47,418 - werkzeug - INFO -  * Detected change in 'D:\\GitHubRepos\\__Potentiostat\\poten-2025\\H743Poten\\H743Poten-Web\\src\\routes\\ai_routes.py', reloading
2025-08-14 03:39:47,643 - werkzeug - INFO -  * Restarting with stat
2025-08-14 03:39:50,442 - ai.ml_models.electrochemical_intelligence - WARNING - ML models not available
2025-08-14 03:39:50,446 - ai.ml_models.electrochemical_intelligence - INFO - Electrochemical Intelligence system initialized
2025-08-14 03:39:50,446 - ai.ml_models.peak_classifier - INFO - Neural network peak classifier initialized
2025-08-14 03:39:50,536 - ai.ml_models.concentration_predictor - INFO - Calibration completed: polynomial, R² = 1.000
2025-08-14 03:39:50,536 - ai.ml_models.concentration_predictor - INFO - Concentration predictor initialized
2025-08-14 03:39:50,537 - ai.ml_models.signal_processor - INFO - Signal processor initialized
2025-08-14 03:39:50,552 - wsgi - INFO - H743Poten Web Interface created successfully for production
2025-08-14 03:39:50,566 - werkzeug - WARNING -  * Debugger is active!
2025-08-14 03:39:50,605 - werkzeug - INFO -  * Debugger PIN: 361-562-624
2025-08-14 03:39:58,241 - werkzeug - INFO -  * Detected change in 'D:\\GitHubRepos\\__Potentiostat\\poten-2025\\H743Poten\\H743Poten-Web\\src\\routes\\ai_routes.py', reloading
2025-08-14 03:39:58,480 - werkzeug - INFO -  * Restarting with stat
2025-08-14 03:40:01,421 - ai.ml_models.electrochemical_intelligence - WARNING - ML models not available
2025-08-14 03:40:01,425 - ai.ml_models.electrochemical_intelligence - INFO - Electrochemical Intelligence system initialized
2025-08-14 03:40:01,426 - ai.ml_models.peak_classifier - INFO - Neural network peak classifier initialized
2025-08-14 03:40:01,513 - ai.ml_models.concentration_predictor - INFO - Calibration completed: polynomial, R² = 1.000
2025-08-14 03:40:01,514 - ai.ml_models.concentration_predictor - INFO - Concentration predictor initialized
2025-08-14 03:40:01,514 - ai.ml_models.signal_processor - INFO - Signal processor initialized
2025-08-14 03:40:01,530 - wsgi - INFO - H743Poten Web Interface created successfully for production
2025-08-14 03:40:01,545 - werkzeug - WARNING -  * Debugger is active!
2025-08-14 03:40:01,567 - werkzeug - INFO -  * Debugger PIN: 361-562-624
2025-08-14 03:40:09,190 - werkzeug - INFO -  * Detected change in 'D:\\GitHubRepos\\__Potentiostat\\poten-2025\\H743Poten\\H743Poten-Web\\src\\routes\\ai_routes.py', reloading
2025-08-14 03:40:09,458 - werkzeug - INFO -  * Restarting with stat
2025-08-14 03:40:12,282 - ai.ml_models.electrochemical_intelligence - WARNING - ML models not available
2025-08-14 03:40:12,288 - ai.ml_models.electrochemical_intelligence - INFO - Electrochemical Intelligence system initialized
2025-08-14 03:40:12,288 - ai.ml_models.peak_classifier - INFO - Neural network peak classifier initialized
2025-08-14 03:40:12,374 - ai.ml_models.concentration_predictor - INFO - Calibration completed: polynomial, R² = 1.000
2025-08-14 03:40:12,375 - ai.ml_models.concentration_predictor - INFO - Concentration predictor initialized
2025-08-14 03:40:12,375 - ai.ml_models.signal_processor - INFO - Signal processor initialized
2025-08-14 03:40:12,391 - wsgi - INFO - H743Poten Web Interface created successfully for production
2025-08-14 03:40:12,405 - werkzeug - WARNING -  * Debugger is active!
2025-08-14 03:40:12,426 - werkzeug - INFO -  * Debugger PIN: 361-562-624
2025-08-14 03:40:22,766 - werkzeug - INFO -  * Detected change in 'D:\\GitHubRepos\\__Potentiostat\\poten-2025\\H743Poten\\H743Poten-Web\\src\\routes\\ai_routes.py', reloading
2025-08-14 03:40:22,986 - werkzeug - INFO -  * Restarting with stat
2025-08-14 03:40:25,956 - ai.ml_models.electrochemical_intelligence - WARNING - ML models not available
2025-08-14 03:40:25,960 - ai.ml_models.electrochemical_intelligence - INFO - Electrochemical Intelligence system initialized
2025-08-14 03:40:25,961 - ai.ml_models.peak_classifier - INFO - Neural network peak classifier initialized
2025-08-14 03:40:26,050 - ai.ml_models.concentration_predictor - INFO - Calibration completed: polynomial, R² = 1.000
2025-08-14 03:40:26,051 - ai.ml_models.concentration_predictor - INFO - Concentration predictor initialized
2025-08-14 03:40:26,051 - ai.ml_models.signal_processor - INFO - Signal processor initialized
2025-08-14 03:40:26,068 - wsgi - INFO - H743Poten Web Interface created successfully for production
2025-08-14 03:40:26,082 - werkzeug - WARNING -  * Debugger is active!
2025-08-14 03:40:26,104 - werkzeug - INFO -  * Debugger PIN: 361-562-624
2025-08-14 03:40:33,621 - werkzeug - INFO -  * Detected change in 'D:\\GitHubRepos\\__Potentiostat\\poten-2025\\H743Poten\\H743Poten-Web\\src\\routes\\ai_routes.py', reloading
2025-08-14 03:40:33,867 - werkzeug - INFO -  * Restarting with stat
2025-08-14 03:40:37,006 - ai.ml_models.electrochemical_intelligence - WARNING - ML models not available
2025-08-14 03:40:37,011 - ai.ml_models.electrochemical_intelligence - INFO - Electrochemical Intelligence system initialized
2025-08-14 03:40:37,011 - ai.ml_models.peak_classifier - INFO - Neural network peak classifier initialized
2025-08-14 03:40:37,108 - ai.ml_models.concentration_predictor - INFO - Calibration completed: polynomial, R² = 1.000
2025-08-14 03:40:37,109 - ai.ml_models.concentration_predictor - INFO - Concentration predictor initialized
2025-08-14 03:40:37,109 - ai.ml_models.signal_processor - INFO - Signal processor initialized
2025-08-14 03:40:37,127 - wsgi - INFO - H743Poten Web Interface created successfully for production
2025-08-14 03:40:37,143 - werkzeug - WARNING -  * Debugger is active!
2025-08-14 03:40:37,168 - werkzeug - INFO -  * Debugger PIN: 361-562-624
2025-08-14 03:40:50,179 - werkzeug - INFO -  * Detected change in 'D:\\GitHubRepos\\__Potentiostat\\poten-2025\\H743Poten\\H743Poten-Web\\src\\routes\\ai_routes.py', reloading
2025-08-14 03:40:50,431 - werkzeug - INFO -  * Restarting with stat
2025-08-14 03:40:53,326 - ai.ml_models.electrochemical_intelligence - WARNING - ML models not available
2025-08-14 03:40:53,330 - ai.ml_models.electrochemical_intelligence - INFO - Electrochemical Intelligence system initialized
2025-08-14 03:40:53,331 - ai.ml_models.peak_classifier - INFO - Neural network peak classifier initialized
2025-08-14 03:40:53,416 - ai.ml_models.concentration_predictor - INFO - Calibration completed: polynomial, R² = 1.000
2025-08-14 03:40:53,417 - ai.ml_models.concentration_predictor - INFO - Concentration predictor initialized
2025-08-14 03:40:53,418 - ai.ml_models.signal_processor - INFO - Signal processor initialized
2025-08-14 03:40:53,450 - wsgi - INFO - H743Poten Web Interface created successfully for production
2025-08-14 03:40:53,464 - werkzeug - WARNING -  * Debugger is active!
2025-08-14 03:40:53,486 - werkzeug - INFO -  * Debugger PIN: 361-562-624
2025-08-14 03:42:17,481 - ai.ml_models.electrochemical_intelligence - WARNING - ML models not available
2025-08-14 03:42:17,489 - ai.ml_models.electrochemical_intelligence - INFO - Electrochemical Intelligence system initialized
2025-08-14 03:42:17,491 - ai.ml_models.peak_classifier - INFO - Neural network peak classifier initialized
2025-08-14 03:42:17,645 - ai.ml_models.concentration_predictor - INFO - Calibration completed: polynomial, R² = 1.000
2025-08-14 03:42:17,646 - ai.ml_models.concentration_predictor - INFO - Concentration predictor initialized
2025-08-14 03:42:17,647 - ai.ml_models.signal_processor - INFO - Signal processor initialized
2025-08-14 03:42:17,670 - wsgi - INFO - H743Poten Web Interface created successfully for production
2025-08-14 03:42:17,713 - werkzeug - INFO - [31m[1mWARNING: This is a development server. Do not use it in a production deployment. Use a production WSGI server instead.[0m
 * Running on http://127.0.0.1:5000
2025-08-14 03:42:17,713 - werkzeug - INFO - [33mPress CTRL+C to quit[0m
2025-08-14 03:42:17,717 - werkzeug - INFO -  * Restarting with stat
2025-08-14 03:42:21,612 - ai.ml_models.electrochemical_intelligence - WARNING - ML models not available
2025-08-14 03:42:21,618 - ai.ml_models.electrochemical_intelligence - INFO - Electrochemical Intelligence system initialized
2025-08-14 03:42:21,618 - ai.ml_models.peak_classifier - INFO - Neural network peak classifier initialized
2025-08-14 03:42:21,761 - ai.ml_models.concentration_predictor - INFO - Calibration completed: polynomial, R² = 1.000
2025-08-14 03:42:21,762 - ai.ml_models.concentration_predictor - INFO - Concentration predictor initialized
2025-08-14 03:42:21,762 - ai.ml_models.signal_processor - INFO - Signal processor initialized
2025-08-14 03:42:21,789 - wsgi - INFO - H743Poten Web Interface created successfully for production
2025-08-14 03:42:21,812 - werkzeug - WARNING -  * Debugger is active!
2025-08-14 03:42:21,843 - werkzeug - INFO -  * Debugger PIN: 361-562-624
2025-08-14 03:42:41,195 - werkzeug - INFO - 127.0.0.1 - - [14/Aug/2025 03:42:41] "GET / HTTP/1.1" 200 -
2025-08-14 03:42:41,655 - werkzeug - INFO - 127.0.0.1 - - [14/Aug/2025 03:42:41] "GET /static/css/ai-dashboard.css HTTP/1.1" 200 -
2025-08-14 03:42:41,674 - werkzeug - INFO - 127.0.0.1 - - [14/Aug/2025 03:42:41] "GET /static/js/app.js HTTP/1.1" 200 -
2025-08-14 03:42:41,683 - werkzeug - INFO - 127.0.0.1 - - [14/Aug/2025 03:42:41] "GET /static/css/style.css HTTP/1.1" 200 -
2025-08-14 03:42:41,700 - werkzeug - INFO - 127.0.0.1 - - [14/Aug/2025 03:42:41] "GET /static/js/ai-dashboard.js HTTP/1.1" 200 -
2025-08-14 03:42:42,233 - werkzeug - INFO - 127.0.0.1 - - [14/Aug/2025 03:42:42] "GET /api/connection/status HTTP/1.1" 200 -
2025-08-14 03:42:42,234 - werkzeug - INFO - 127.0.0.1 - - [14/Aug/2025 03:42:42] "GET /api/emulation/csv/status HTTP/1.1" 200 -
2025-08-14 03:42:42,762 - werkzeug - INFO - 127.0.0.1 - - [14/Aug/2025 03:42:42] "[35m[1mGET /favicon.ico HTTP/1.1[0m" 500 -
2025-08-14 03:42:43,995 - werkzeug - INFO - 127.0.0.1 - - [14/Aug/2025 03:42:43] "[33mGET /ai/dashboard HTTP/1.1[0m" 404 -
2025-08-14 03:42:46,442 - werkzeug - INFO - 127.0.0.1 - - [14/Aug/2025 03:42:46] "[33mGET /ai/dashboard HTTP/1.1[0m" 404 -
2025-08-14 03:42:53,009 - werkzeug - INFO - 127.0.0.1 - - [14/Aug/2025 03:42:53] "[36mGET /static/css/style.css HTTP/1.1[0m" 304 -
2025-08-14 03:42:53,012 - werkzeug - INFO - 127.0.0.1 - - [14/Aug/2025 03:42:53] "[36mGET /static/css/ai-dashboard.css HTTP/1.1[0m" 304 -
2025-08-14 03:42:53,033 - werkzeug - INFO - 127.0.0.1 - - [14/Aug/2025 03:42:53] "[33mGET /.well-known/appspecific/com.chrome.devtools.json HTTP/1.1[0m" 404 -
2025-08-14 03:42:59,590 - werkzeug - INFO - 127.0.0.1 - - [14/Aug/2025 03:42:59] "GET / HTTP/1.1" 200 -
2025-08-14 03:42:59,625 - werkzeug - INFO - 127.0.0.1 - - [14/Aug/2025 03:42:59] "[33mGET /.well-known/appspecific/com.chrome.devtools.json HTTP/1.1[0m" 404 -
2025-08-14 03:42:59,629 - werkzeug - INFO - 127.0.0.1 - - [14/Aug/2025 03:42:59] "GET /static/css/style.css HTTP/1.1" 200 -
2025-08-14 03:42:59,631 - werkzeug - INFO - 127.0.0.1 - - [14/Aug/2025 03:42:59] "GET /static/css/ai-dashboard.css HTTP/1.1" 200 -
2025-08-14 03:42:59,641 - werkzeug - INFO - 127.0.0.1 - - [14/Aug/2025 03:42:59] "GET /static/js/app.js HTTP/1.1" 200 -
2025-08-14 03:42:59,641 - werkzeug - INFO - 127.0.0.1 - - [14/Aug/2025 03:42:59] "GET /static/js/ai-dashboard.js HTTP/1.1" 200 -
2025-08-14 03:43:00,156 - werkzeug - INFO - 127.0.0.1 - - [14/Aug/2025 03:43:00] "GET /api/connection/status HTTP/1.1" 200 -
2025-08-14 03:43:00,157 - werkzeug - INFO - 127.0.0.1 - - [14/Aug/2025 03:43:00] "GET /api/emulation/csv/status HTTP/1.1" 200 -
2025-08-14 03:43:00,701 - werkzeug - INFO - 127.0.0.1 - - [14/Aug/2025 03:43:00] "[35m[1mGET /favicon.ico HTTP/1.1[0m" 500 -
2025-08-14 03:43:02,281 - werkzeug - INFO - 127.0.0.1 - - [14/Aug/2025 03:43:02] "[33mGET /ai/dashboard HTTP/1.1[0m" 404 -
